{"meta": {"format": 3, "version": "7.12.0", "timestamp": "2025-11-19T18:22:55.395536", "branch_coverage": false, "show_contexts": false}, "files": {"src/pyfds/__init__.py": {"executed_lines": [1, 8, 21, 23, 37], "summary": {"covered_lines": 4, "num_statements": 7, "percent_covered": 57.142857142857146, "percent_covered_display": "57", "missing_lines": 3, "excluded_lines": 0, "percent_statements_covered": 57.142857142857146, "percent_statements_covered_display": "57"}, "missing_lines": [39, 40, 41], "excluded_lines": [], "functions": {"main": {"executed_lines": [], "summary": {"covered_lines": 0, "num_statements": 3, "percent_covered": 0.0, "percent_covered_display": "0", "missing_lines": 3, "excluded_lines": 0, "percent_statements_covered": 0.0, "percent_statements_covered_display": "0"}, "missing_lines": [39, 40, 41], "excluded_lines": []}, "": {"executed_lines": [1, 8, 21, 23, 37], "summary": {"covered_lines": 4, "num_statements": 4, "percent_covered": 100.0, "percent_covered_display": "100", "missing_lines": 0, "excluded_lines": 0, "percent_statements_covered": 100.0, "percent_statements_covered_display": "100"}, "missing_lines": [], "excluded_lines": []}}, "classes": {"": {"executed_lines": [1, 8, 21, 23, 37], "summary": {"covered_lines": 4, "num_statements": 7, "percent_covered": 57.142857142857146, "percent_covered_display": "57", "missing_lines": 3, "excluded_lines": 0, "percent_statements_covered": 57.142857142857146, "percent_statements_covered_display": "57"}, "missing_lines": [39, 40, 41], "excluded_lines": []}}}, "src/pyfds/analysis/__init__.py": {"executed_lines": [], "summary": {"covered_lines": 0, "num_statements": 0, "percent_covered": 100.0, "percent_covered_display": "100", "missing_lines": 0, "excluded_lines": 0, "percent_statements_covered": 100.0, "percent_statements_covered_display": "100"}, "missing_lines": [], "excluded_lines": [], "functions": {"": {"executed_lines": [], "summary": {"covered_lines": 0, "num_statements": 0, "percent_covered": 100.0, "percent_covered_display": "100", "missing_lines": 0, "excluded_lines": 0, "percent_statements_covered": 100.0, "percent_statements_covered_display": "100"}, "missing_lines": [], "excluded_lines": []}}, "classes": {"": {"executed_lines": [], "summary": {"covered_lines": 0, "num_statements": 0, "percent_covered": 100.0, "percent_covered_display": "100", "missing_lines": 0, "excluded_lines": 0, "percent_statements_covered": 100.0, "percent_statements_covered_display": "100"}, "missing_lines": [], "excluded_lines": []}}}, "src/pyfds/cli/__init__.py": {"executed_lines": [], "summary": {"covered_lines": 0, "num_statements": 0, "percent_covered": 100.0, "percent_covered_display": "100", "missing_lines": 0, "excluded_lines": 0, "percent_statements_covered": 100.0, "percent_statements_covered_display": "100"}, "missing_lines": [], "excluded_lines": [], "functions": {"": {"executed_lines": [], "summary": {"covered_lines": 0, "num_statements": 0, "percent_covered": 100.0, "percent_covered_display": "100", "missing_lines": 0, "excluded_lines": 0, "percent_statements_covered": 100.0, "percent_statements_covered_display": "100"}, "missing_lines": [], "excluded_lines": []}}, "classes": {"": {"executed_lines": [], "summary": {"covered_lines": 0, "num_statements": 0, "percent_covered": 100.0, "percent_covered_display": "100", "missing_lines": 0, "excluded_lines": 0, "percent_statements_covered": 100.0, "percent_statements_covered_display": "100"}, "missing_lines": [], "excluded_lines": []}}}, "src/pyfds/core/__init__.py": {"executed_lines": [1, 8, 17, 18, 20], "summary": {"covered_lines": 4, "num_statements": 4, "percent_covered": 100.0, "percent_covered_display": "100", "missing_lines": 0, "excluded_lines": 0, "percent_statements_covered": 100.0, "percent_statements_covered_display": "100"}, "missing_lines": [], "excluded_lines": [], "functions": {"": {"executed_lines": [1, 8, 17, 18, 20], "summary": {"covered_lines": 4, "num_statements": 4, "percent_covered": 100.0, "percent_covered_display": "100", "missing_lines": 0, "excluded_lines": 0, "percent_statements_covered": 100.0, "percent_statements_covered_display": "100"}, "missing_lines": [], "excluded_lines": []}}, "classes": {"": {"executed_lines": [1, 8, 17, 18, 20], "summary": {"covered_lines": 4, "num_statements": 4, "percent_covered": 100.0, "percent_covered_display": "100", "missing_lines": 0, "excluded_lines": 0, "percent_statements_covered": 100.0, "percent_statements_covered_display": "100"}, "missing_lines": [], "excluded_lines": []}}}, "src/pyfds/core/namelist.py": {"executed_lines": [1, 8, 9, 10, 13, 14, 21, 26, 27, 38, 52, 53, 54, 56, 57, 58, 59, 60, 66, 83, 86, 90, 91, 92, 93, 94, 96, 97, 100, 101, 118, 119, 121, 122, 123, 125, 126, 127, 128, 129, 130, 131, 133, 135, 136, 137, 138, 141, 142, 163, 164, 165, 166, 168, 170, 171, 173, 174, 175, 177, 180, 181, 206, 207, 210, 211, 213, 214, 215, 217, 219, 220, 221, 223, 224, 225, 227, 229, 230, 231, 233, 235, 239, 240, 241, 243, 245, 254, 255, 256, 257, 260, 261, 288, 289, 290, 291, 292, 293, 294, 296, 297, 298, 300, 301, 303, 304, 305, 307, 309, 310, 312, 313, 314, 315, 316, 317, 318, 320, 322, 325, 326, 347, 350, 351, 352, 353, 354, 356, 357, 358, 360, 363, 364, 365, 367, 369, 370, 371, 372, 374, 376, 378, 380, 383, 384, 405, 406, 407, 408, 412, 414, 418, 419, 420, 421, 422], "summary": {"covered_lines": 149, "num_statements": 169, "percent_covered": 88.16568047337279, "percent_covered_display": "88", "missing_lines": 20, "excluded_lines": 0, "percent_statements_covered": 88.16568047337279, "percent_statements_covered_display": "88"}, "missing_lines": [36, 55, 61, 62, 64, 87, 172, 176, 218, 228, 242, 302, 311, 319, 321, 361, 373, 375, 377, 379], "excluded_lines": [], "functions": {"NamelistBase.to_fds": {"executed_lines": [], "summary": {"covered_lines": 0, "num_statements": 1, "percent_covered": 0.0, "percent_covered_display": "0", "missing_lines": 1, "excluded_lines": 0, "percent_statements_covered": 0.0, "percent_statements_covered_display": "0"}, "missing_lines": [36], "excluded_lines": []}, "NamelistBase._format_value": {"executed_lines": [52, 53, 54, 56, 57, 58, 59, 60], "summary": {"covered_lines": 8, "num_statements": 12, "percent_covered": 66.66666666666667, "percent_covered_display": "67", "missing_lines": 4, "excluded_lines": 0, "percent_statements_covered": 66.66666666666667, "percent_statements_covered_display": "67"}, "missing_lines": [55, 61, 62, 64], "excluded_lines": []}, "NamelistBase._build_namelist": {"executed_lines": [83, 86, 90, 91, 92, 93, 94, 96, 97], "summary": {"covered_lines": 9, "num_statements": 10, "percent_covered": 90.0, "percent_covered_display": "90", "missing_lines": 1, "excluded_lines": 0, "percent_statements_covered": 90.0, "percent_statements_covered_display": "90"}, "missing_lines": [87], "excluded_lines": []}, "Head.validate_chid": {"executed_lines": [125, 126, 127, 128, 129, 130, 131], "summary": {"covered_lines": 7, "num_statements": 7, "percent_covered": 100.0, "percent_covered_display": "100", "missing_lines": 0, "excluded_lines": 0, "percent_statements_covered": 100.0, "percent_statements_covered_display": "100"}, "missing_lines": [], "excluded_lines": []}, "Head.to_fds": {"executed_lines": [135, 136, 137, 138], "summary": {"covered_lines": 4, "num_statements": 4, "percent_covered": 100.0, "percent_covered_display": "100", "missing_lines": 0, "excluded_lines": 0, "percent_statements_covered": 100.0, "percent_statements_covered_display": "100"}, "missing_lines": [], "excluded_lines": []}, "Time.to_fds": {"executed_lines": [170, 171, 173, 174, 175, 177], "summary": {"covered_lines": 6, "num_statements": 8, "percent_covered": 75.0, "percent_covered_display": "75", "missing_lines": 2, "excluded_lines": 0, "percent_statements_covered": 75.0, "percent_statements_covered_display": "75"}, "missing_lines": [172, 176], "excluded_lines": []}, "Mesh.validate_ijk": {"executed_lines": [217, 219, 220, 221], "summary": {"covered_lines": 4, "num_statements": 5, "percent_covered": 80.0, "percent_covered_display": "80", "missing_lines": 1, "excluded_lines": 0, "percent_statements_covered": 80.0, "percent_statements_covered_display": "80"}, "missing_lines": [218], "excluded_lines": []}, "Mesh.validate_xb": {"executed_lines": [227, 229, 230, 231], "summary": {"covered_lines": 4, "num_statements": 5, "percent_covered": 80.0, "percent_covered_display": "80", "missing_lines": 1, "excluded_lines": 0, "percent_statements_covered": 80.0, "percent_statements_covered_display": "80"}, "missing_lines": [228], "excluded_lines": []}, "Mesh.to_fds": {"executed_lines": [235, 239, 240, 241, 243], "summary": {"covered_lines": 5, "num_statements": 6, "percent_covered": 83.33333333333333, "percent_covered_display": "83", "missing_lines": 1, "excluded_lines": 0, "percent_statements_covered": 83.33333333333333, "percent_statements_covered_display": "83"}, "missing_lines": [242], "excluded_lines": []}, "Mesh.get_cell_size": {"executed_lines": [254, 255, 256, 257], "summary": {"covered_lines": 4, "num_statements": 4, "percent_covered": 100.0, "percent_covered_display": "100", "missing_lines": 0, "excluded_lines": 0, "percent_statements_covered": 100.0, "percent_statements_covered_display": "100"}, "missing_lines": [], "excluded_lines": []}, "Surface.validate_rgb": {"executed_lines": [300, 301, 303, 304, 305], "summary": {"covered_lines": 5, "num_statements": 6, "percent_covered": 83.33333333333333, "percent_covered_display": "83", "missing_lines": 1, "excluded_lines": 0, "percent_statements_covered": 83.33333333333333, "percent_statements_covered_display": "83"}, "missing_lines": [302], "excluded_lines": []}, "Surface.to_fds": {"executed_lines": [309, 310, 312, 313, 314, 315, 316, 317, 318, 320, 322], "summary": {"covered_lines": 11, "num_statements": 14, "percent_covered": 78.57142857142857, "percent_covered_display": "79", "missing_lines": 3, "excluded_lines": 0, "percent_statements_covered": 78.57142857142857, "percent_statements_covered_display": "79"}, "missing_lines": [311, 319, 321], "excluded_lines": []}, "Obstruction.validate_xb": {"executed_lines": [360, 363, 364, 365], "summary": {"covered_lines": 4, "num_statements": 5, "percent_covered": 80.0, "percent_covered_display": "80", "missing_lines": 1, "excluded_lines": 0, "percent_statements_covered": 80.0, "percent_statements_covered_display": "80"}, "missing_lines": [361], "excluded_lines": []}, "Obstruction.to_fds": {"executed_lines": [369, 370, 371, 372, 374, 376, 378, 380], "summary": {"covered_lines": 8, "num_statements": 12, "percent_covered": 66.66666666666667, "percent_covered_display": "67", "missing_lines": 4, "excluded_lines": 0, "percent_statements_covered": 66.66666666666667, "percent_statements_covered_display": "67"}, "missing_lines": [373, 375, 377, 379], "excluded_lines": []}, "Device.to_fds": {"executed_lines": [414, 418, 419, 420, 421, 422], "summary": {"covered_lines": 6, "num_statements": 6, "percent_covered": 100.0, "percent_covered_display": "100", "missing_lines": 0, "excluded_lines": 0, "percent_statements_covered": 100.0, "percent_statements_covered_display": "100"}, "missing_lines": [], "excluded_lines": []}, "": {"executed_lines": [1, 8, 9, 10, 13, 14, 21, 26, 27, 38, 66, 100, 101, 118, 119, 121, 122, 123, 133, 141, 142, 163, 164, 165, 166, 168, 180, 181, 206, 207, 210, 211, 213, 214, 215, 223, 224, 225, 233, 245, 260, 261, 288, 289, 290, 291, 292, 293, 294, 296, 297, 298, 307, 325, 326, 347, 350, 351, 352, 353, 354, 356, 357, 358, 367, 383, 384, 405, 406, 407, 408, 412], "summary": {"covered_lines": 64, "num_statements": 64, "percent_covered": 100.0, "percent_covered_display": "100", "missing_lines": 0, "excluded_lines": 0, "percent_statements_covered": 100.0, "percent_statements_covered_display": "100"}, "missing_lines": [], "excluded_lines": []}}, "classes": {"NamelistBase": {"executed_lines": [52, 53, 54, 56, 57, 58, 59, 60, 83, 86, 90, 91, 92, 93, 94, 96, 97], "summary": {"covered_lines": 17, "num_statements": 23, "percent_covered": 73.91304347826087, "percent_covered_display": "74", "missing_lines": 6, "excluded_lines": 0, "percent_statements_covered": 73.91304347826087, "percent_statements_covered_display": "74"}, "missing_lines": [36, 55, 61, 62, 64, 87], "excluded_lines": []}, "Head": {"executed_lines": [125, 126, 127, 128, 129, 130, 131, 135, 136, 137, 138], "summary": {"covered_lines": 11, "num_statements": 11, "percent_covered": 100.0, "percent_covered_display": "100", "missing_lines": 0, "excluded_lines": 0, "percent_statements_covered": 100.0, "percent_statements_covered_display": "100"}, "missing_lines": [], "excluded_lines": []}, "Time": {"executed_lines": [170, 171, 173, 174, 175, 177], "summary": {"covered_lines": 6, "num_statements": 8, "percent_covered": 75.0, "percent_covered_display": "75", "missing_lines": 2, "excluded_lines": 0, "percent_statements_covered": 75.0, "percent_statements_covered_display": "75"}, "missing_lines": [172, 176], "excluded_lines": []}, "Mesh": {"executed_lines": [217, 219, 220, 221, 227, 229, 230, 231, 235, 239, 240, 241, 243, 254, 255, 256, 257], "summary": {"covered_lines": 17, "num_statements": 20, "percent_covered": 85.0, "percent_covered_display": "85", "missing_lines": 3, "excluded_lines": 0, "percent_statements_covered": 85.0, "percent_statements_covered_display": "85"}, "missing_lines": [218, 228, 242], "excluded_lines": []}, "Surface": {"executed_lines": [300, 301, 303, 304, 305, 309, 310, 312, 313, 314, 315, 316, 317, 318, 320, 322], "summary": {"covered_lines": 16, "num_statements": 20, "percent_covered": 80.0, "percent_covered_display": "80", "missing_lines": 4, "excluded_lines": 0, "percent_statements_covered": 80.0, "percent_statements_covered_display": "80"}, "missing_lines": [302, 311, 319, 321], "excluded_lines": []}, "Obstruction": {"executed_lines": [360, 363, 364, 365, 369, 370, 371, 372, 374, 376, 378, 380], "summary": {"covered_lines": 12, "num_statements": 17, "percent_covered": 70.58823529411765, "percent_covered_display": "71", "missing_lines": 5, "excluded_lines": 0, "percent_statements_covered": 70.58823529411765, "percent_statements_covered_display": "71"}, "missing_lines": [361, 373, 375, 377, 379], "excluded_lines": []}, "Device": {"executed_lines": [414, 418, 419, 420, 421, 422], "summary": {"covered_lines": 6, "num_statements": 6, "percent_covered": 100.0, "percent_covered_display": "100", "missing_lines": 0, "excluded_lines": 0, "percent_statements_covered": 100.0, "percent_statements_covered_display": "100"}, "missing_lines": [], "excluded_lines": []}, "": {"executed_lines": [1, 8, 9, 10, 13, 14, 21, 26, 27, 38, 66, 100, 101, 118, 119, 121, 122, 123, 133, 141, 142, 163, 164, 165, 166, 168, 180, 181, 206, 207, 210, 211, 213, 214, 215, 223, 224, 225, 233, 245, 260, 261, 288, 289, 290, 291, 292, 293, 294, 296, 297, 298, 307, 325, 326, 347, 350, 351, 352, 353, 354, 356, 357, 358, 367, 383, 384, 405, 406, 407, 408, 412], "summary": {"covered_lines": 64, "num_statements": 64, "percent_covered": 100.0, "percent_covered_display": "100", "missing_lines": 0, "excluded_lines": 0, "percent_statements_covered": 100.0, "percent_statements_covered_display": "100"}, "missing_lines": [], "excluded_lines": []}}}, "src/pyfds/core/simulation.py": {"executed_lines": [1, 8, 9, 10, 15, 16, 53, 55, 56, 57, 58, 59, 60, 62, 63, 65, 67, 98, 104, 106, 141, 142, 143, 145, 162, 202, 211, 212, 214, 231, 268, 276, 277, 279, 296, 331, 332, 333, 334, 336, 337, 338, 340, 357, 373, 376, 377, 378, 379, 382, 385, 386, 389, 390, 391, 392, 395, 396, 397, 398, 401, 402, 403, 404, 407, 408, 409, 410, 413, 415, 417, 438, 441, 442, 445, 448, 449, 451, 453, 470, 473, 474, 476, 477, 480, 481, 482, 483, 484, 489, 490, 491, 494, 495, 496, 497, 498, 503], "summary": {"covered_lines": 96, "num_statements": 104, "percent_covered": 92.3076923076923, "percent_covered_display": "92", "missing_lines": 8, "excluded_lines": 0, "percent_statements_covered": 92.3076923076923, "percent_statements_covered_display": "92"}, "missing_lines": [159, 160, 228, 229, 293, 294, 354, 355], "excluded_lines": [], "functions": {"Simulation.__init__": {"executed_lines": [55, 56, 57, 58, 59, 60], "summary": {"covered_lines": 6, "num_statements": 6, "percent_covered": 100.0, "percent_covered_display": "100", "missing_lines": 0, "excluded_lines": 0, "percent_statements_covered": 100.0, "percent_statements_covered_display": "100"}, "missing_lines": [], "excluded_lines": []}, "Simulation.chid": {"executed_lines": [65], "summary": {"covered_lines": 1, "num_statements": 1, "percent_covered": 100.0, "percent_covered_display": "100", "missing_lines": 0, "excluded_lines": 0, "percent_statements_covered": 100.0, "percent_statements_covered_display": "100"}, "missing_lines": [], "excluded_lines": []}, "Simulation.time": {"executed_lines": [98, 104], "summary": {"covered_lines": 2, "num_statements": 2, "percent_covered": 100.0, "percent_covered_display": "100", "missing_lines": 0, "excluded_lines": 0, "percent_statements_covered": 100.0, "percent_statements_covered_display": "100"}, "missing_lines": [], "excluded_lines": []}, "Simulation.mesh": {"executed_lines": [141, 142, 143], "summary": {"covered_lines": 3, "num_statements": 3, "percent_covered": 100.0, "percent_covered_display": "100", "missing_lines": 0, "excluded_lines": 0, "percent_statements_covered": 100.0, "percent_statements_covered_display": "100"}, "missing_lines": [], "excluded_lines": []}, "Simulation.add_mesh": {"executed_lines": [], "summary": {"covered_lines": 0, "num_statements": 2, "percent_covered": 0.0, "percent_covered_display": "0", "missing_lines": 2, "excluded_lines": 0, "percent_statements_covered": 0.0, "percent_statements_covered_display": "0"}, "missing_lines": [159, 160], "excluded_lines": []}, "Simulation.surface": {"executed_lines": [202, 211, 212], "summary": {"covered_lines": 3, "num_statements": 3, "percent_covered": 100.0, "percent_covered_display": "100", "missing_lines": 0, "excluded_lines": 0, "percent_statements_covered": 100.0, "percent_statements_covered_display": "100"}, "missing_lines": [], "excluded_lines": []}, "Simulation.add_surface": {"executed_lines": [], "summary": {"covered_lines": 0, "num_statements": 2, "percent_covered": 0.0, "percent_covered_display": "0", "missing_lines": 2, "excluded_lines": 0, "percent_statements_covered": 0.0, "percent_statements_covered_display": "0"}, "missing_lines": [228, 229], "excluded_lines": []}, "Simulation.obstruction": {"executed_lines": [268, 276, 277], "summary": {"covered_lines": 3, "num_statements": 3, "percent_covered": 100.0, "percent_covered_display": "100", "missing_lines": 0, "excluded_lines": 0, "percent_statements_covered": 100.0, "percent_statements_covered_display": "100"}, "missing_lines": [], "excluded_lines": []}, "Simulation.add_obstruction": {"executed_lines": [], "summary": {"covered_lines": 0, "num_statements": 2, "percent_covered": 0.0, "percent_covered_display": "0", "missing_lines": 2, "excluded_lines": 0, "percent_statements_covered": 0.0, "percent_statements_covered_display": "0"}, "missing_lines": [293, 294], "excluded_lines": []}, "Simulation.device": {"executed_lines": [331, 332, 333, 334, 336, 337, 338], "summary": {"covered_lines": 7, "num_statements": 7, "percent_covered": 100.0, "percent_covered_display": "100", "missing_lines": 0, "excluded_lines": 0, "percent_statements_covered": 100.0, "percent_statements_covered_display": "100"}, "missing_lines": [], "excluded_lines": []}, "Simulation.add_device": {"executed_lines": [], "summary": {"covered_lines": 0, "num_statements": 2, "percent_covered": 0.0, "percent_covered_display": "0", "missing_lines": 2, "excluded_lines": 0, "percent_statements_covered": 0.0, "percent_statements_covered_display": "0"}, "missing_lines": [354, 355], "excluded_lines": []}, "Simulation.to_fds": {"executed_lines": [373, 376, 377, 378, 379, 382, 385, 386, 389, 390, 391, 392, 395, 396, 397, 398, 401, 402, 403, 404, 407, 408, 409, 410, 413, 415], "summary": {"covered_lines": 26, "num_statements": 26, "percent_covered": 100.0, "percent_covered_display": "100", "missing_lines": 0, "excluded_lines": 0, "percent_statements_covered": 100.0, "percent_statements_covered_display": "100"}, "missing_lines": [], "excluded_lines": []}, "Simulation.write": {"executed_lines": [438, 441, 442, 445, 448, 449, 451], "summary": {"covered_lines": 7, "num_statements": 7, "percent_covered": 100.0, "percent_covered_display": "100", "missing_lines": 0, "excluded_lines": 0, "percent_statements_covered": 100.0, "percent_statements_covered_display": "100"}, "missing_lines": [], "excluded_lines": []}, "Simulation.validate": {"executed_lines": [470, 473, 474, 476, 477, 480, 481, 482, 483, 484, 489, 490, 491, 494, 495, 496, 497, 498, 503], "summary": {"covered_lines": 19, "num_statements": 19, "percent_covered": 100.0, "percent_covered_display": "100", "missing_lines": 0, "excluded_lines": 0, "percent_statements_covered": 100.0, "percent_statements_covered_display": "100"}, "missing_lines": [], "excluded_lines": []}, "": {"executed_lines": [1, 8, 9, 10, 15, 16, 53, 62, 63, 67, 106, 145, 162, 214, 231, 279, 296, 340, 357, 417, 453], "summary": {"covered_lines": 19, "num_statements": 19, "percent_covered": 100.0, "percent_covered_display": "100", "missing_lines": 0, "excluded_lines": 0, "percent_statements_covered": 100.0, "percent_statements_covered_display": "100"}, "missing_lines": [], "excluded_lines": []}}, "classes": {"Simulation": {"executed_lines": [55, 56, 57, 58, 59, 60, 65, 98, 104, 141, 142, 143, 202, 211, 212, 268, 276, 277, 331, 332, 333, 334, 336, 337, 338, 373, 376, 377, 378, 379, 382, 385, 386, 389, 390, 391, 392, 395, 396, 397, 398, 401, 402, 403, 404, 407, 408, 409, 410, 413, 415, 438, 441, 442, 445, 448, 449, 451, 470, 473, 474, 476, 477, 480, 481, 482, 483, 484, 489, 490, 491, 494, 495, 496, 497, 498, 503], "summary": {"covered_lines": 77, "num_statements": 85, "percent_covered": 90.58823529411765, "percent_covered_display": "91", "missing_lines": 8, "excluded_lines": 0, "percent_statements_covered": 90.58823529411765, "percent_statements_covered_display": "91"}, "missing_lines": [159, 160, 228, 229, 293, 294, 354, 355], "excluded_lines": []}, "": {"executed_lines": [1, 8, 9, 10, 15, 16, 53, 62, 63, 67, 106, 145, 162, 214, 231, 279, 296, 340, 357, 417, 453], "summary": {"covered_lines": 19, "num_statements": 19, "percent_covered": 100.0, "percent_covered_display": "100", "missing_lines": 0, "excluded_lines": 0, "percent_statements_covered": 100.0, "percent_statements_covered_display": "100"}, "missing_lines": [], "excluded_lines": []}}}, "src/pyfds/core/validator.py": {"executed_lines": [1, 8, 9, 10, 13, 14, 15, 18, 19, 21, 32, 33, 35, 39, 40, 50, 52, 53, 55, 74, 75, 78, 81, 82, 84, 85, 88, 89, 92, 95, 96, 97, 99, 101, 103, 104, 106, 107, 109, 111, 114, 118, 128, 131, 133, 142, 152, 154, 163, 166, 167, 168, 171, 172, 174, 175, 179, 181, 182, 184, 189, 191, 192, 195, 197, 210, 211, 213, 214, 223, 227, 229, 232], "summary": {"covered_lines": 69, "num_statements": 95, "percent_covered": 72.63157894736842, "percent_covered_display": "73", "missing_lines": 26, "excluded_lines": 0, "percent_statements_covered": 72.63157894736842, "percent_statements_covered_display": "73"}, "missing_lines": [36, 112, 115, 116, 119, 120, 134, 143, 155, 185, 198, 225, 251, 252, 254, 255, 257, 260, 261, 263, 264, 267, 268, 270, 271, 275], "excluded_lines": [], "functions": {"ValidationWarning.__init__": {"executed_lines": [32, 33], "summary": {"covered_lines": 2, "num_statements": 2, "percent_covered": 100.0, "percent_covered_display": "100", "missing_lines": 0, "excluded_lines": 0, "percent_statements_covered": 100.0, "percent_statements_covered_display": "100"}, "missing_lines": [], "excluded_lines": []}, "ValidationWarning.__str__": {"executed_lines": [], "summary": {"covered_lines": 0, "num_statements": 1, "percent_covered": 0.0, "percent_covered_display": "0", "missing_lines": 1, "excluded_lines": 0, "percent_statements_covered": 0.0, "percent_statements_covered_display": "0"}, "missing_lines": [36], "excluded_lines": []}, "Validator.__init__": {"executed_lines": [52, 53], "summary": {"covered_lines": 2, "num_statements": 2, "percent_covered": 100.0, "percent_covered_display": "100", "missing_lines": 0, "excluded_lines": 0, "percent_statements_covered": 100.0, "percent_statements_covered_display": "100"}, "missing_lines": [], "excluded_lines": []}, "Validator.validate_simulation": {"executed_lines": [74, 75, 78, 81, 82, 84, 85, 88, 89, 92, 95, 96, 97, 99], "summary": {"covered_lines": 14, "num_statements": 14, "percent_covered": 100.0, "percent_covered_display": "100", "missing_lines": 0, "excluded_lines": 0, "percent_statements_covered": 100.0, "percent_statements_covered_display": "100"}, "missing_lines": [], "excluded_lines": []}, "Validator._check_required_components": {"executed_lines": [103, 104, 106, 107], "summary": {"covered_lines": 4, "num_statements": 4, "percent_covered": 100.0, "percent_covered_display": "100", "missing_lines": 0, "excluded_lines": 0, "percent_statements_covered": 100.0, "percent_statements_covered_display": "100"}, "missing_lines": [], "excluded_lines": []}, "Validator._validate_time": {"executed_lines": [111, 114, 118], "summary": {"covered_lines": 3, "num_statements": 8, "percent_covered": 37.5, "percent_covered_display": "38", "missing_lines": 5, "excluded_lines": 0, "percent_statements_covered": 37.5, "percent_statements_covered_display": "38"}, "missing_lines": [112, 115, 116, 119, 120], "excluded_lines": []}, "Validator._validate_mesh": {"executed_lines": [131, 133, 142, 152, 154], "summary": {"covered_lines": 5, "num_statements": 8, "percent_covered": 62.5, "percent_covered_display": "62", "missing_lines": 3, "excluded_lines": 0, "percent_statements_covered": 62.5, "percent_statements_covered_display": "62"}, "missing_lines": [134, 143, 155], "excluded_lines": []}, "Validator._validate_surface_references": {"executed_lines": [166, 167, 168, 171, 172, 174, 175], "summary": {"covered_lines": 7, "num_statements": 7, "percent_covered": 100.0, "percent_covered_display": "100", "missing_lines": 0, "excluded_lines": 0, "percent_statements_covered": 100.0, "percent_statements_covered_display": "100"}, "missing_lines": [], "excluded_lines": []}, "Validator._validate_device_ids": {"executed_lines": [181, 182, 184], "summary": {"covered_lines": 3, "num_statements": 4, "percent_covered": 75.0, "percent_covered_display": "75", "missing_lines": 1, "excluded_lines": 0, "percent_statements_covered": 75.0, "percent_statements_covered_display": "75"}, "missing_lines": [185], "excluded_lines": []}, "Validator._check_mesh_quality": {"executed_lines": [191, 192, 195, 197, 210, 211, 213, 214], "summary": {"covered_lines": 8, "num_statements": 9, "percent_covered": 88.88888888888889, "percent_covered_display": "89", "missing_lines": 1, "excluded_lines": 0, "percent_statements_covered": 88.88888888888889, "percent_statements_covered_display": "89"}, "missing_lines": [198], "excluded_lines": []}, "Validator.get_warnings": {"executed_lines": [], "summary": {"covered_lines": 0, "num_statements": 1, "percent_covered": 0.0, "percent_covered_display": "0", "missing_lines": 1, "excluded_lines": 0, "percent_statements_covered": 0.0, "percent_statements_covered_display": "0"}, "missing_lines": [225], "excluded_lines": []}, "Validator.get_errors": {"executed_lines": [229], "summary": {"covered_lines": 1, "num_statements": 1, "percent_covered": 100.0, "percent_covered_display": "100", "missing_lines": 0, "excluded_lines": 0, "percent_statements_covered": 100.0, "percent_statements_covered_display": "100"}, "missing_lines": [], "excluded_lines": []}, "validate_fds_file": {"executed_lines": [], "summary": {"covered_lines": 0, "num_statements": 14, "percent_covered": 0.0, "percent_covered_display": "0", "missing_lines": 14, "excluded_lines": 0, "percent_statements_covered": 0.0, "percent_statements_covered_display": "0"}, "missing_lines": [251, 252, 254, 255, 257, 260, 261, 263, 264, 267, 268, 270, 271, 275], "excluded_lines": []}, "": {"executed_lines": [1, 8, 9, 10, 13, 14, 15, 18, 19, 21, 35, 39, 40, 50, 55, 101, 109, 128, 163, 179, 189, 223, 227, 232], "summary": {"covered_lines": 20, "num_statements": 20, "percent_covered": 100.0, "percent_covered_display": "100", "missing_lines": 0, "excluded_lines": 0, "percent_statements_covered": 100.0, "percent_statements_covered_display": "100"}, "missing_lines": [], "excluded_lines": []}}, "classes": {"ValidationError": {"executed_lines": [], "summary": {"covered_lines": 0, "num_statements": 0, "percent_covered": 100.0, "percent_covered_display": "100", "missing_lines": 0, "excluded_lines": 0, "percent_statements_covered": 100.0, "percent_statements_covered_display": "100"}, "missing_lines": [], "excluded_lines": []}, "ValidationWarning": {"executed_lines": [32, 33], "summary": {"covered_lines": 2, "num_statements": 3, "percent_covered": 66.66666666666667, "percent_covered_display": "67", "missing_lines": 1, "excluded_lines": 0, "percent_statements_covered": 66.66666666666667, "percent_statements_covered_display": "67"}, "missing_lines": [36], "excluded_lines": []}, "Validator": {"executed_lines": [52, 53, 74, 75, 78, 81, 82, 84, 85, 88, 89, 92, 95, 96, 97, 99, 103, 104, 106, 107, 111, 114, 118, 131, 133, 142, 152, 154, 166, 167, 168, 171, 172, 174, 175, 181, 182, 184, 191, 192, 195, 197, 210, 211, 213, 214, 229], "summary": {"covered_lines": 47, "num_statements": 58, "percent_covered": 81.03448275862068, "percent_covered_display": "81", "missing_lines": 11, "excluded_lines": 0, "percent_statements_covered": 81.03448275862068, "percent_statements_covered_display": "81"}, "missing_lines": [112, 115, 116, 119, 120, 134, 143, 155, 185, 198, 225], "excluded_lines": []}, "": {"executed_lines": [1, 8, 9, 10, 13, 14, 15, 18, 19, 21, 35, 39, 40, 50, 55, 101, 109, 128, 163, 179, 189, 223, 227, 232], "summary": {"covered_lines": 20, "num_statements": 34, "percent_covered": 58.8235294117647, "percent_covered_display": "59", "missing_lines": 14, "excluded_lines": 0, "percent_statements_covered": 58.8235294117647, "percent_statements_covered_display": "59"}, "missing_lines": [251, 252, 254, 255, 257, 260, 261, 263, 264, 267, 268, 270, 271, 275], "excluded_lines": []}}}, "src/pyfds/execution/__init__.py": {"executed_lines": [], "summary": {"covered_lines": 0, "num_statements": 0, "percent_covered": 100.0, "percent_covered_display": "100", "missing_lines": 0, "excluded_lines": 0, "percent_statements_covered": 100.0, "percent_statements_covered_display": "100"}, "missing_lines": [], "excluded_lines": [], "functions": {"": {"executed_lines": [], "summary": {"covered_lines": 0, "num_statements": 0, "percent_covered": 100.0, "percent_covered_display": "100", "missing_lines": 0, "excluded_lines": 0, "percent_statements_covered": 100.0, "percent_statements_covered_display": "100"}, "missing_lines": [], "excluded_lines": []}}, "classes": {"": {"executed_lines": [], "summary": {"covered_lines": 0, "num_statements": 0, "percent_covered": 100.0, "percent_covered_display": "100", "missing_lines": 0, "excluded_lines": 0, "percent_statements_covered": 100.0, "percent_statements_covered_display": "100"}, "missing_lines": [], "excluded_lines": []}}}, "src/pyfds/io/__init__.py": {"executed_lines": [], "summary": {"covered_lines": 0, "num_statements": 0, "percent_covered": 100.0, "percent_covered_display": "100", "missing_lines": 0, "excluded_lines": 0, "percent_statements_covered": 100.0, "percent_statements_covered_display": "100"}, "missing_lines": [], "excluded_lines": [], "functions": {"": {"executed_lines": [], "summary": {"covered_lines": 0, "num_statements": 0, "percent_covered": 100.0, "percent_covered_display": "100", "missing_lines": 0, "excluded_lines": 0, "percent_statements_covered": 100.0, "percent_statements_covered_display": "100"}, "missing_lines": [], "excluded_lines": []}}, "classes": {"": {"executed_lines": [], "summary": {"covered_lines": 0, "num_statements": 0, "percent_covered": 100.0, "percent_covered_display": "100", "missing_lines": 0, "excluded_lines": 0, "percent_statements_covered": 100.0, "percent_statements_covered_display": "100"}, "missing_lines": [], "excluded_lines": []}}}, "src/pyfds/io/parsers/__init__.py": {"executed_lines": [], "summary": {"covered_lines": 0, "num_statements": 0, "percent_covered": 100.0, "percent_covered_display": "100", "missing_lines": 0, "excluded_lines": 0, "percent_statements_covered": 100.0, "percent_statements_covered_display": "100"}, "missing_lines": [], "excluded_lines": [], "functions": {"": {"executed_lines": [], "summary": {"covered_lines": 0, "num_statements": 0, "percent_covered": 100.0, "percent_covered_display": "100", "missing_lines": 0, "excluded_lines": 0, "percent_statements_covered": 100.0, "percent_statements_covered_display": "100"}, "missing_lines": [], "excluded_lines": []}}, "classes": {"": {"executed_lines": [], "summary": {"covered_lines": 0, "num_statements": 0, "percent_covered": 100.0, "percent_covered_display": "100", "missing_lines": 0, "excluded_lines": 0, "percent_statements_covered": 100.0, "percent_statements_covered_display": "100"}, "missing_lines": [], "excluded_lines": []}}}, "src/pyfds/utils/__init__.py": {"executed_lines": [], "summary": {"covered_lines": 0, "num_statements": 0, "percent_covered": 100.0, "percent_covered_display": "100", "missing_lines": 0, "excluded_lines": 0, "percent_statements_covered": 100.0, "percent_statements_covered_display": "100"}, "missing_lines": [], "excluded_lines": [], "functions": {"": {"executed_lines": [], "summary": {"covered_lines": 0, "num_statements": 0, "percent_covered": 100.0, "percent_covered_display": "100", "missing_lines": 0, "excluded_lines": 0, "percent_statements_covered": 100.0, "percent_statements_covered_display": "100"}, "missing_lines": [], "excluded_lines": []}}, "classes": {"": {"executed_lines": [], "summary": {"covered_lines": 0, "num_statements": 0, "percent_covered": 100.0, "percent_covered_display": "100", "missing_lines": 0, "excluded_lines": 0, "percent_statements_covered": 100.0, "percent_statements_covered_display": "100"}, "missing_lines": [], "excluded_lines": []}}}}, "totals": {"covered_lines": 322, "num_statements": 379, "percent_covered": 84.96042216358839, "percent_covered_display": "85", "missing_lines": 57, "excluded_lines": 0, "percent_statements_covered": 84.96042216358839, "percent_statements_covered_display": "85"}}
